[INFO] Scanning for projects...
[INFO] 
[INFO] -------------------------< ma.ens:springbash >--------------------------
[INFO] Building Tp14Springbash 0.0.1-SNAPSHOT
[INFO]   from pom.xml
[INFO] --------------------------------[ jar ]---------------------------------
[INFO] 
[INFO] >>> spring-boot:4.1.0:run (default-cli) > test-compile @ springbash >>>
[INFO] 
[INFO] --- resources:3.5.0:resources (default-resources) @ springbash ---
[INFO] Copying 1 resource from src\main\resources to target\classes
[INFO] Copying 0 resource from src\main\resources to target\classes
[INFO] 
[INFO] --- compiler:3.15.0:compile (default-compile) @ springbash ---
[INFO] Nothing to compile - all classes are up to date.
[INFO] 
[INFO] --- resources:3.5.0:testResources (default-testResources) @ springbash ---
[INFO] skip non existing resourceDirectory C:\Users\PC\Downloads\Tp14Springbash\src\test\resources
[INFO] 
[INFO] --- compiler:3.15.0:testCompile (default-testCompile) @ springbash ---
[INFO] Nothing to compile - all classes are up to date.
[INFO] 
[INFO] <<< spring-boot:4.1.0:run (default-cli) < test-compile @ springbash <<<
[INFO] 
[INFO] 
[INFO] --- spring-boot:4.1.0:run (default-cli) @ springbash ---
[INFO] Attaching agents: []

  .   ____          _            __ _ _
 /\\ / ___'_ __ _ _(_)_ __  __ _ \ \ \ \
( ( )\___ | '_ | '_| | '_ \/ _` | \ \ \ \
 \\/  ___)| |_)| | | | | || (_| |  ) ) ) )
  '  |____| .__|_| |_|_| |_\__, | / / / /
 =========|_|==============|___/=/_/_/_/

 :: Spring Boot ::                (v4.1.0)

2026-06-29T18:47:57.330+01:00  INFO 25228 --- [Tp14Springbash] [           main] m.e.s.Tp14SpringbashApplication          : Starting Tp14SpringbashApplication using Java 21.0.9 with PID 25228 (C:\Users\PC\Downloads\Tp14Springbash\target\classes started by PC in C:\Users\PC\Downloads\Tp14Springbash)
2026-06-29T18:47:57.330+01:00  INFO 25228 --- [Tp14Springbash] [           main] m.e.s.Tp14SpringbashApplication          : No active profile set, falling back to 1 default profile: "default"
2026-06-29T18:47:58.145+01:00  INFO 25228 --- [Tp14Springbash] [           main] .s.d.r.c.RepositoryConfigurationDelegate : Bootstrapping Spring Data JPA repositories in DEFAULT mode.
2026-06-29T18:47:58.177+01:00  INFO 25228 --- [Tp14Springbash] [           main] .s.d.r.c.RepositoryConfigurationDelegate : Finished Spring Data repository scanning in 14 ms. Found 0 JPA repository interfaces.
2026-06-29T18:47:58.618+01:00  INFO 25228 --- [Tp14Springbash] [           main] o.s.boot.tomcat.TomcatWebServer          : Tomcat initialized with port 8085 (http)
2026-06-29T18:47:58.634+01:00  INFO 25228 --- [Tp14Springbash] [           main] o.apache.catalina.core.StandardService   : Starting service [Tomcat]
2026-06-29T18:47:58.634+01:00  INFO 25228 --- [Tp14Springbash] [           main] o.apache.catalina.core.StandardEngine    : Starting Servlet engine: [Apache Tomcat/11.0.22]
2026-06-29T18:47:58.681+01:00  INFO 25228 --- [Tp14Springbash] [           main] b.w.c.s.WebApplicationContextInitializer : Root WebApplicationContext: initialization completed in 1295 ms
2026-06-29T18:47:58.910+01:00  INFO 25228 --- [Tp14Springbash] [           main] org.hibernate.orm.jpa                    : HHH008540: Processing PersistenceUnitInfo [name: default]
2026-06-29T18:47:58.944+01:00  INFO 25228 --- [Tp14Springbash] [           main] org.hibernate.orm.core                   : HHH000001: Hibernate ORM core version 7.4.1.Final
2026-06-29T18:47:59.334+01:00  INFO 25228 --- [Tp14Springbash] [           main] o.s.o.j.p.SpringPersistenceUnitInfo      : No LoadTimeWeaver setup: ignoring JPA class transformer
2026-06-29T18:47:59.371+01:00  INFO 25228 --- [Tp14Springbash] [           main] com.zaxxer.hikari.HikariDataSource       : HikariPool-1 - Starting...
2026-06-29T18:47:59.513+01:00  INFO 25228 --- [Tp14Springbash] [           main] com.zaxxer.hikari.pool.HikariPool        : HikariPool-1 - Added connection conn0: url=jdbc:h2:mem:testdb user=SA
2026-06-29T18:47:59.513+01:00  INFO 25228 --- [Tp14Springbash] [           main] com.zaxxer.hikari.HikariDataSource       : HikariPool-1 - Start completed.
2026-06-29T18:47:59.571+01:00  INFO 25228 --- [Tp14Springbash] [           main] org.hibernate.orm.connections.pooling    : HHH10001005: Database info:
	Database JDBC URL [jdbc:h2:mem:testdb]
	Database driver: H2 JDBC Driver
	Database dialect: H2Dialect
	Database version: 2.4.240
	Default catalog/schema: TESTDB/PUBLIC
	Autocommit mode: undefined/unknown
	Isolation level: READ_COMMITTED [default READ_COMMITTED]
	JDBC fetch size: 100
	Pool: DataSourceConnectionProvider
	Minimum pool size: undefined/unknown
	Maximum pool size: undefined/unknown
2026-06-29T18:47:59.910+01:00  INFO 25228 --- [Tp14Springbash] [           main] org.hibernate.orm.core                   : HHH000489: No JTA platform available (set 'hibernate.transaction.jta.platform' to enable JTA platform integration)
2026-06-29T18:47:59.930+01:00  INFO 25228 --- [Tp14Springbash] [           main] j.LocalContainerEntityManagerFactoryBean : Initialized JPA EntityManagerFactory for persistence unit 'default'
2026-06-29T18:47:59.972+01:00  WARN 25228 --- [Tp14Springbash] [           main] JpaBaseConfiguration$JpaWebConfiguration : spring.jpa.open-in-view is enabled by default. Therefore, database queries may be performed during view rendering. Explicitly configure spring.jpa.open-in-view to disable this warning
2026-06-29T18:48:00.412+01:00  INFO 25228 --- [Tp14Springbash] [           main] o.s.b.a.e.web.EndpointLinksResolver      : Exposing 12 endpoints beneath base path '/actuator'
2026-06-29T18:48:00.534+01:00  INFO 25228 --- [Tp14Springbash] [           main] o.s.boot.tomcat.TomcatWebServer          : Tomcat started on port 8085 (http) with context path '/'
2026-06-29T18:48:00.548+01:00  INFO 25228 --- [Tp14Springbash] [           main] m.e.s.Tp14SpringbashApplication          : Started Tp14SpringbashApplication in 3.633 seconds (process running for 4.017)
2026-06-29T18:48:27.202+01:00  INFO 25228 --- [Tp14Springbash] [nio-8085-exec-2] o.a.c.c.C.[Tomcat].[localhost].[/]       : Initializing Spring DispatcherServlet 'dispatcherServlet'
2026-06-29T18:48:27.202+01:00  INFO 25228 --- [Tp14Springbash] [nio-8085-exec-2] o.s.web.servlet.DispatcherServlet        : Initializing Servlet 'dispatcherServlet'
2026-06-29T18:48:27.202+01:00  INFO 25228 --- [Tp14Springbash] [nio-8085-exec-2] o.s.web.servlet.DispatcherServlet        : Completed initialization in 0 ms
2026-06-29T22:30:25.156+01:00  WARN 25228 --- [Tp14Springbash] [l-1:housekeeper] com.zaxxer.hikari.pool.HikariPool        : HikariPool-1 - Thread starvation or clock leap detected (housekeeper delta=2h25m54s234ms511µs500ns).
2026-06-29T23:26:44.467+01:00  WARN 25228 --- [Tp14Springbash] [l-1:housekeeper] com.zaxxer.hikari.pool.HikariPool        : HikariPool-1 - Thread starvation or clock leap detected (housekeeper delta=20m21s310ms184µs800ns).
2026-06-30T02:44:36.976+01:00  WARN 25228 --- [Tp14Springbash] [l-1:housekeeper] com.zaxxer.hikari.pool.HikariPool        : HikariPool-1 - Thread starvation or clock leap detected (housekeeper delta=2h36m51s869ms809µs800ns).
2026-06-30T05:59:46.349+01:00  WARN 25228 --- [Tp14Springbash] [l-1:housekeeper] com.zaxxer.hikari.pool.HikariPool        : HikariPool-1 - Thread starvation or clock leap detected (housekeeper delta=3h1m39s241ms641µs500ns).
2026-06-30T08:13:02.289+01:00  WARN 25228 --- [Tp14Springbash] [l-1:housekeeper] com.zaxxer.hikari.pool.HikariPool        : HikariPool-1 - Thread starvation or clock leap detected (housekeeper delta=2h13m20s597ms584µs700ns).
2026-06-30T11:24:21.958+01:00  WARN 25228 --- [Tp14Springbash] [l-1:housekeeper] com.zaxxer.hikari.pool.HikariPool        : HikariPool-1 - Thread starvation or clock leap detected (housekeeper delta=3h1m49s522ms493µs800ns).
2026-06-30T12:09:59.602+01:00  WARN 25228 --- [Tp14Springbash] [l-1:housekeeper] com.zaxxer.hikari.pool.HikariPool        : HikariPool-1 - Thread starvation or clock leap detected (housekeeper delta=45m42s285ms650µs800ns).
