
  .   ____          _            __ _ _
 /\\ / ___'_ __ _ _(_)_ __  __ _ \ \ \ \
( ( )\___ | '_ | '_| | '_ \/ _` | \ \ \ \
 \\/  ___)| |_)| | | | | || (_| |  ) ) ) )
  '  |____| .__|_| |_|_| |_\__, | / / / /
 =========|_|==============|___/=/_/_/_/

 :: Spring Boot ::                (v4.1.0)

2026-06-29T18:55:14.123+01:00  INFO 15684 --- [Tp14Springbash] [           main] m.e.s.Tp14SpringbashApplication          : Starting Tp14SpringbashApplication v0.0.1-SNAPSHOT using Java 21.0.9 with PID 15684 (C:\Users\PC\Downloads\Tp14Springbash\target\springbash-0.0.1-SNAPSHOT.jar started by PC in C:\Users\PC\Downloads\Tp14Springbash)
2026-06-29T18:55:14.135+01:00  INFO 15684 --- [Tp14Springbash] [           main] m.e.s.Tp14SpringbashApplication          : No active profile set, falling back to 1 default profile: "default"
2026-06-29T18:55:15.388+01:00  INFO 15684 --- [Tp14Springbash] [           main] .s.d.r.c.RepositoryConfigurationDelegate : Bootstrapping Spring Data JPA repositories in DEFAULT mode.
2026-06-29T18:55:15.418+01:00  INFO 15684 --- [Tp14Springbash] [           main] .s.d.r.c.RepositoryConfigurationDelegate : Finished Spring Data repository scanning in 18 ms. Found 0 JPA repository interfaces.
2026-06-29T18:55:16.135+01:00  INFO 15684 --- [Tp14Springbash] [           main] o.s.boot.tomcat.TomcatWebServer          : Tomcat initialized with port 8085 (http)
2026-06-29T18:55:16.151+01:00  INFO 15684 --- [Tp14Springbash] [           main] o.apache.catalina.core.StandardService   : Starting service [Tomcat]
2026-06-29T18:55:16.151+01:00  INFO 15684 --- [Tp14Springbash] [           main] o.apache.catalina.core.StandardEngine    : Starting Servlet engine: [Apache Tomcat/11.0.22]
2026-06-29T18:55:16.186+01:00  INFO 15684 --- [Tp14Springbash] [           main] b.w.c.s.WebApplicationContextInitializer : Root WebApplicationContext: initialization completed in 1966 ms
2026-06-29T18:55:16.576+01:00  INFO 15684 --- [Tp14Springbash] [           main] org.hibernate.orm.jpa                    : HHH008540: Processing PersistenceUnitInfo [name: default]
2026-06-29T18:55:16.675+01:00  INFO 15684 --- [Tp14Springbash] [           main] org.hibernate.orm.core                   : HHH000001: Hibernate ORM core version 7.4.1.Final
2026-06-29T18:55:17.541+01:00  INFO 15684 --- [Tp14Springbash] [           main] o.s.o.j.p.SpringPersistenceUnitInfo      : No LoadTimeWeaver setup: ignoring JPA class transformer
2026-06-29T18:55:17.610+01:00  INFO 15684 --- [Tp14Springbash] [           main] com.zaxxer.hikari.HikariDataSource       : HikariPool-1 - Starting...
2026-06-29T18:55:17.934+01:00  INFO 15684 --- [Tp14Springbash] [           main] com.zaxxer.hikari.pool.HikariPool        : HikariPool-1 - Added connection conn0: url=jdbc:h2:mem:testdb user=SA
2026-06-29T18:55:17.934+01:00  INFO 15684 --- [Tp14Springbash] [           main] com.zaxxer.hikari.HikariDataSource       : HikariPool-1 - Start completed.
2026-06-29T18:55:18.045+01:00  INFO 15684 --- [Tp14Springbash] [           main] org.hibernate.orm.connections.pooling    : HHH10001005: Database info:
	Database JDBC URL [jdbc:h2:mem:testdb]
	Database driver: H2 JDBC Driver
	Database dialect: H2Dialect
	Database version: 2.4.240
	Default catalog/schema: TESTDB/PUBLIC
	Autocommit mode: undefined/unknown
	Isolation level: READ_COMMITTED [default READ_COMMITTED]
	JDBC fetch size: 100
	Pool: DataSourceConnectionProvider
	Minimum pool size: undefined/unknown
	Maximum pool size: undefined/unknown
2026-06-29T18:55:18.459+01:00  INFO 15684 --- [Tp14Springbash] [           main] org.hibernate.orm.core                   : HHH000489: No JTA platform available (set 'hibernate.transaction.jta.platform' to enable JTA platform integration)
2026-06-29T18:55:18.490+01:00  INFO 15684 --- [Tp14Springbash] [           main] j.LocalContainerEntityManagerFactoryBean : Initialized JPA EntityManagerFactory for persistence unit 'default'
2026-06-29T18:55:18.569+01:00  WARN 15684 --- [Tp14Springbash] [           main] JpaBaseConfiguration$JpaWebConfiguration : spring.jpa.open-in-view is enabled by default. Therefore, database queries may be performed during view rendering. Explicitly configure spring.jpa.open-in-view to disable this warning
2026-06-29T18:55:19.359+01:00  INFO 15684 --- [Tp14Springbash] [           main] o.s.b.a.e.web.EndpointLinksResolver      : Exposing 12 endpoints beneath base path '/actuator'
2026-06-29T18:55:19.483+01:00  WARN 15684 --- [Tp14Springbash] [           main] ConfigServletWebServerApplicationContext : Exception encountered during context initialization - cancelling refresh attempt: org.springframework.context.ApplicationContextException: Failed to start bean 'webServerStartStop'
2026-06-29T18:55:19.483+01:00  INFO 15684 --- [Tp14Springbash] [           main] j.LocalContainerEntityManagerFactoryBean : Closing JPA EntityManagerFactory for persistence unit 'default'
2026-06-29T18:55:19.487+01:00  INFO 15684 --- [Tp14Springbash] [           main] com.zaxxer.hikari.HikariDataSource       : HikariPool-1 - Shutdown initiated...
2026-06-29T18:55:19.492+01:00  INFO 15684 --- [Tp14Springbash] [           main] com.zaxxer.hikari.HikariDataSource       : HikariPool-1 - Shutdown completed.
2026-06-29T18:55:19.512+01:00  INFO 15684 --- [Tp14Springbash] [           main] .s.b.a.l.ConditionEvaluationReportLogger : 

Error starting ApplicationContext. To display the condition evaluation report re-run your application with 'debug' enabled.
2026-06-29T18:55:19.539+01:00 ERROR 15684 --- [Tp14Springbash] [           main] o.s.b.d.LoggingFailureAnalysisReporter   : 

***************************
APPLICATION FAILED TO START
***************************

Description:

Web server failed to start. Port 8085 was already in use.

Action:

Identify and stop the process that's listening on port 8085 or configure this application to listen on another port.

